<?xml version="1.0" encoding="UTF-8"?>
<!-- Generated by org.testng.reporters.JUnitXMLReporter -->
<testsuite ignored="0" hostname="IN-9WVCX64" failures="2" tests="10" name="Test" time="121.795" errors="0" timestamp="2025-08-04T18:01:36 IST">
  <testcase classname="MashreqAssignment.LoginPageTest01" name="LoginInValidMailId" time="11.814"/>
  <testcase classname="MashreqAssignment.LoginPageTest01" name="LoginValidMailId" time="9.689"/>
  <testcase classname="MashreqAssignment.SearchResultPageTest02" name="searchInvalidProduct_shouldReturnResults" time="8.01">
    <failure type="java.lang.AssertionError" message="Intentional Failure: Search returned no results when we expected results. expected [false] but found [true]">
      <![CDATA[java.lang.AssertionError: Intentional Failure: Search returned no results when we expected results. expected [false] but found [true]
at MashreqAssignment.SearchResultPageTest02.searchInvalidProduct_shouldReturnResults(SearchResultPageTest02.java:66)
at java.base/java.util.ArrayList.forEach(ArrayList.java:1511)
... Removed 30 stack frames]]>
    </failure>
  </testcase> <!-- searchInvalidProduct_shouldReturnResults -->
  <testcase classname="MashreqAssignment.SearchResultPageTest02" name="verifySearchResultsDisplayed" time="10.341"/>
  <testcase classname="MashreqAssignment.HomePageTest03" name="testAmazonLogoNavigation" time="8.146"/>
  <testcase classname="MashreqAssignment.HomePageTest03" name="testClickNextSlide" time="0.261"/>
  <testcase classname="MashreqAssignment.HomePageTest03" name="testNavBarLinksVisible" time="0.519">
    <failure type="java.lang.AssertionError" message="Link not displayed:  expected [true] but found [false]">
      <![CDATA[java.lang.AssertionError: Link not displayed:  expected [true] but found [false]
at MashreqAssignment.HomePageTest03.testNavBarLinksVisible(HomePageTest03.java:81)
at java.base/java.util.ArrayList.forEach(ArrayList.java:1511)
... Removed 30 stack frames]]>
    </failure>
  </testcase> <!-- testNavBarLinksVisible -->
  <testcase classname="MashreqAssignment.HomePageTest03" name="testReturnOrdersClick" time="4.486"/>
  <testcase classname="MashreqAssignment.HomePageTest03" name="testSelectBooksFromDropdown" time="0.545"/>
  <testcase classname="MashreqAssignment.AddToCartPageTest04" name="testAddProductToCart" time="30.681"/>
</testsuite> <!-- Test -->
