<html>
<head>
<title>TestNG:  Test</title>
<link href="../testng.css" rel="stylesheet" type="text/css" />
<link href="../my-testng.css" rel="stylesheet" type="text/css" />

<style type="text/css">
.log { display: none;} 
.stack-trace { display: none;} 
</style>
<script type="text/javascript">
<!--
function flip(e) {
  current = e.style.display;
  if (current == 'block') {
    e.style.display = 'none';
    return 0;
  }
  else {
    e.style.display = 'block';
    return 1;
  }
}

function toggleBox(szDivId, elem, msg1, msg2)
{
  var res = -1;  if (document.getElementById) {
    res = flip(document.getElementById(szDivId));
  }
  else if (document.all) {
    // this is the way old msie versions work
    res = flip(document.all[szDivId]);
  }
  if(elem) {
    if(res == 0) elem.innerHTML = msg1; else elem.innerHTML = msg2;
  }

}

function toggleAllBoxes() {
  if (document.getElementsByTagName) {
    d = document.getElementsByTagName('div');
    for (i = 0; i < d.length; i++) {
      if (d[i].className == 'log') {
        flip(d[i]);
      }
    }
  }
}

// -->
</script>

</head>
<body>
<h2 align='center'>Test</h2><table border='1' align="center">
<tr>
<td>Tests passed/Failed/Skipped:</td><td>8/2/0</td>
</tr><tr>
<td>Started on:</td><td>Mon Aug 04 17:59:34 IST 2025</td>
</tr>
<tr><td>Total time:</td><td>121 seconds (121795 ms)</td>
</tr><tr>
<td>Included groups:</td><td></td>
</tr><tr>
<td>Excluded groups:</td><td></td>
</tr>
</table><p/>
<small><i>(Hover the method name to see the test class name)</i></small><p/>
<table width='100%' border='1' class='invocation-failed'>
<tr><td colspan='4' align='center'><b>FAILED TESTS</b></td></tr>
<tr><td><b>Test method</b></td>
<td><b>Attribute(s)</b></td>
<td width="30%"><b>Exception</b></td>
<td width="10%"><b>Time (seconds)</b></td>
<td><b>Instance</b></td>
</tr>
<tr>
<td title='MashreqAssignment.SearchResultPageTest02.searchInvalidProduct_shouldReturnResults()'><b>searchInvalidProduct_shouldReturnResults</b><br>Test class: MashreqAssignment.SearchResultPageTest02<br>Test method: Search for invalid product and expect results (Expected to fail)</td>
<td><div><pre>java.lang.AssertionError: Intentional Failure: Search returned no results when we expected results. expected [false] but found [true]
	at MashreqAssignment.SearchResultPageTest02.searchInvalidProduct_shouldReturnResults(SearchResultPageTest02.java:66)
	at java.base/java.util.ArrayList.forEach(ArrayList.java:1511)
... Removed 30 stack frames</pre></div><a href='#' onClick='toggleBox("stack-trace7575494", this, "Click to show all stack frames", "Click to hide stack frames")'>Click to show all stack frames</a>
<div class='stack-trace' id='stack-trace7575494'><pre>java.lang.AssertionError: Intentional Failure: Search returned no results when we expected results. expected [false] but found [true]
	at org.testng.Assert.fail(Assert.java:111)
	at org.testng.Assert.failNotEquals(Assert.java:1590)
	at org.testng.Assert.assertFalse(Assert.java:79)
	at MashreqAssignment.SearchResultPageTest02.searchInvalidProduct_shouldReturnResults(SearchResultPageTest02.java:66)
	at java.base/jdk.internal.reflect.NativeMethodAccessorImpl.invoke0(Native Method)
	at java.base/jdk.internal.reflect.NativeMethodAccessorImpl.invoke(NativeMethodAccessorImpl.java:77)
	at java.base/jdk.internal.reflect.DelegatingMethodAccessorImpl.invoke(DelegatingMethodAccessorImpl.java:43)
	at java.base/java.lang.reflect.Method.invoke(Method.java:569)
	at org.testng.internal.invokers.MethodInvocationHelper.invokeMethod(MethodInvocationHelper.java:141)
	at org.testng.internal.invokers.TestInvoker.invokeMethod(TestInvoker.java:687)
	at org.testng.internal.invokers.TestInvoker.invokeTestMethod(TestInvoker.java:230)
	at org.testng.internal.invokers.MethodRunner.runInSequence(MethodRunner.java:63)
	at org.testng.internal.invokers.TestInvoker$MethodInvocationAgent.invoke(TestInvoker.java:995)
	at org.testng.internal.invokers.TestInvoker.invokeTestMethods(TestInvoker.java:203)
	at org.testng.internal.invokers.TestMethodWorker.invokeTestMethods(TestMethodWorker.java:154)
	at org.testng.internal.invokers.TestMethodWorker.run(TestMethodWorker.java:134)
	at java.base/java.util.ArrayList.forEach(ArrayList.java:1511)
	at org.testng.TestRunner.privateRun(TestRunner.java:741)
	at org.testng.TestRunner.run(TestRunner.java:616)
	at org.testng.SuiteRunner.runTest(SuiteRunner.java:421)
	at org.testng.SuiteRunner.runSequentially(SuiteRunner.java:413)
	at org.testng.SuiteRunner.privateRun(SuiteRunner.java:373)
	at org.testng.SuiteRunner.run(SuiteRunner.java:312)
	at org.testng.SuiteRunnerWorker.runSuite(SuiteRunnerWorker.java:52)
	at org.testng.SuiteRunnerWorker.run(SuiteRunnerWorker.java:95)
	at org.testng.TestNG.runSuitesSequentially(TestNG.java:1274)
	at org.testng.TestNG.runSuitesLocally(TestNG.java:1208)
	at org.testng.TestNG.runSuites(TestNG.java:1112)
	at org.testng.TestNG.run(TestNG.java:1079)
	at org.testng.remote.AbstractRemoteTestNG.run(AbstractRemoteTestNG.java:115)
	at org.testng.remote.RemoteTestNG.initAndRun(RemoteTestNG.java:293)
	at org.testng.remote.RemoteTestNG.main(RemoteTestNG.java:91)
</pre></div></td>
<td>8</td>
<td>MashreqAssignment.SearchResultPageTest02@589da3f3</td></tr>
<tr>
<td title='MashreqAssignment.HomePageTest03.testNavBarLinksVisible()'><b>testNavBarLinksVisible</b><br>Test class: MashreqAssignment.HomePageTest03<br>Test method: Verify NavBar links are visible</td>
<td><div><pre>java.lang.AssertionError: Link not displayed:  expected [true] but found [false]
	at MashreqAssignment.HomePageTest03.testNavBarLinksVisible(HomePageTest03.java:81)
	at java.base/java.util.ArrayList.forEach(ArrayList.java:1511)
... Removed 30 stack frames</pre></div><a href='#' onClick='toggleBox("stack-trace281487983", this, "Click to show all stack frames", "Click to hide stack frames")'>Click to show all stack frames</a>
<div class='stack-trace' id='stack-trace281487983'><pre>java.lang.AssertionError: Link not displayed:  expected [true] but found [false]
	at org.testng.Assert.fail(Assert.java:111)
	at org.testng.Assert.failNotEquals(Assert.java:1590)
	at org.testng.Assert.assertTrue(Assert.java:57)
	at MashreqAssignment.HomePageTest03.testNavBarLinksVisible(HomePageTest03.java:81)
	at java.base/jdk.internal.reflect.NativeMethodAccessorImpl.invoke0(Native Method)
	at java.base/jdk.internal.reflect.NativeMethodAccessorImpl.invoke(NativeMethodAccessorImpl.java:77)
	at java.base/jdk.internal.reflect.DelegatingMethodAccessorImpl.invoke(DelegatingMethodAccessorImpl.java:43)
	at java.base/java.lang.reflect.Method.invoke(Method.java:569)
	at org.testng.internal.invokers.MethodInvocationHelper.invokeMethod(MethodInvocationHelper.java:141)
	at org.testng.internal.invokers.TestInvoker.invokeMethod(TestInvoker.java:687)
	at org.testng.internal.invokers.TestInvoker.invokeTestMethod(TestInvoker.java:230)
	at org.testng.internal.invokers.MethodRunner.runInSequence(MethodRunner.java:63)
	at org.testng.internal.invokers.TestInvoker$MethodInvocationAgent.invoke(TestInvoker.java:995)
	at org.testng.internal.invokers.TestInvoker.invokeTestMethods(TestInvoker.java:203)
	at org.testng.internal.invokers.TestMethodWorker.invokeTestMethods(TestMethodWorker.java:154)
	at org.testng.internal.invokers.TestMethodWorker.run(TestMethodWorker.java:134)
	at java.base/java.util.ArrayList.forEach(ArrayList.java:1511)
	at org.testng.TestRunner.privateRun(TestRunner.java:741)
	at org.testng.TestRunner.run(TestRunner.java:616)
	at org.testng.SuiteRunner.runTest(SuiteRunner.java:421)
	at org.testng.SuiteRunner.runSequentially(SuiteRunner.java:413)
	at org.testng.SuiteRunner.privateRun(SuiteRunner.java:373)
	at org.testng.SuiteRunner.run(SuiteRunner.java:312)
	at org.testng.SuiteRunnerWorker.runSuite(SuiteRunnerWorker.java:52)
	at org.testng.SuiteRunnerWorker.run(SuiteRunnerWorker.java:95)
	at org.testng.TestNG.runSuitesSequentially(TestNG.java:1274)
	at org.testng.TestNG.runSuitesLocally(TestNG.java:1208)
	at org.testng.TestNG.runSuites(TestNG.java:1112)
	at org.testng.TestNG.run(TestNG.java:1079)
	at org.testng.remote.AbstractRemoteTestNG.run(AbstractRemoteTestNG.java:115)
	at org.testng.remote.RemoteTestNG.initAndRun(RemoteTestNG.java:293)
	at org.testng.remote.RemoteTestNG.main(RemoteTestNG.java:91)
</pre></div></td>
<td>0</td>
<td>MashreqAssignment.HomePageTest03@39d76cb5</td></tr>
</table><p>
<table width='100%' border='1' class='invocation-passed'>
<tr><td colspan='4' align='center'><b>PASSED TESTS</b></td></tr>
<tr><td><b>Test method</b></td>
<td><b>Attribute(s)</b></td>
<td width="30%"><b>Exception</b></td>
<td width="10%"><b>Time (seconds)</b></td>
<td><b>Instance</b></td>
</tr>
<tr>
<td title='MashreqAssignment.HomePageTest03.testAmazonLogoNavigation()'><b>testAmazonLogoNavigation</b><br>Test class: MashreqAssignment.HomePageTest03<br>Test method: Verify clicking Amazon logo navigates to home</td>
<td></td>
<td>8</td>
<td>MashreqAssignment.HomePageTest03@39d76cb5</td></tr>
<tr>
<td title='MashreqAssignment.HomePageTest03.testClickNextSlide()'><b>testClickNextSlide</b><br>Test class: MashreqAssignment.HomePageTest03<br>Test method: Verify clicking Next Slide</td>
<td></td>
<td>0</td>
<td>MashreqAssignment.HomePageTest03@39d76cb5</td></tr>
<tr>
<td title='MashreqAssignment.HomePageTest03.testReturnOrdersClick()'><b>testReturnOrdersClick</b><br>Test class: MashreqAssignment.HomePageTest03<br>Test method: Verify Return Orders click navigates correctly</td>
<td></td>
<td>4</td>
<td>MashreqAssignment.HomePageTest03@39d76cb5</td></tr>
<tr>
<td title='MashreqAssignment.HomePageTest03.testSelectBooksFromDropdown()'><b>testSelectBooksFromDropdown</b><br>Test class: MashreqAssignment.HomePageTest03<br>Test method: Verify selecting Books category from dropdown</td>
<td></td>
<td>0</td>
<td>MashreqAssignment.HomePageTest03@39d76cb5</td></tr>
<tr>
<td title='MashreqAssignment.SearchResultPageTest02.verifySearchResultsDisplayed()'><b>verifySearchResultsDisplayed</b><br>Test class: MashreqAssignment.SearchResultPageTest02<br>Test method: Verify search results are displayed for given product</td>
<td></td>
<td>10</td>
<td>MashreqAssignment.SearchResultPageTest02@589da3f3</td></tr>
<tr>
<td title='MashreqAssignment.LoginPageTest01.LoginValidMailId()'><b>LoginValidMailId</b><br>Test class: MashreqAssignment.LoginPageTest01<br>Test method: Login with Valid Mail Id</td>
<td></td>
<td>9</td>
<td>MashreqAssignment.LoginPageTest01@651aed93</td></tr>
<tr>
<td title='MashreqAssignment.LoginPageTest01.LoginInValidMailId()'><b>LoginInValidMailId</b><br>Test class: MashreqAssignment.LoginPageTest01<br>Test method: Login with InValid Mail Id and correct password</td>
<td></td>
<td>11</td>
<td>MashreqAssignment.LoginPageTest01@651aed93</td></tr>
<tr>
<td title='MashreqAssignment.AddToCartPageTest04.testAddProductToCart()'><b>testAddProductToCart</b><br>Test class: MashreqAssignment.AddToCartPageTest04</td>
<td></td>
<td>30</td>
<td>MashreqAssignment.AddToCartPageTest04@4bd31064</td></tr>
</table><p>
</body>
</html>